2026-07-07 12:43:50,182 | ERROR | Set BINANCE_API_KEY and BINANCE_API_SECRET in .env
2026-07-07 12:52:26,956 | INFO | REQUEST POST https://testnet.binancefuture.com/fapi/v1/order | payload={'symbol': 'BTCUSDT', 'side': 'BUY', 'type': 'MARKET', 'quantity': 0.001}
2026-07-07 12:52:27,453 | INFO | RESPONSE status=401 body={'code': -2014, 'msg': 'API-key format invalid.'}
2026-07-07 12:52:27,454 | ERROR | NETWORK/API ERROR: 401 Client Error: Unauthorized for url: https://testnet.binancefuture.com/fapi/v1/order?symbol=BTCUSDT&side=BUY&type=MARKET&quantity=0.001
2026-07-07 12:52:27,454 | ERROR | 401 Client Error: Unauthorized for url: https://testnet.binancefuture.com/fapi/v1/order?symbol=BTCUSDT&side=BUY&type=MARKET&quantity=0.001
2026-07-07 12:52:34,215 | INFO | REQUEST POST https://testnet.binancefuture.com/fapi/v1/order | payload={'symbol': 'BTCUSDT', 'side': 'SELL', 'type': 'LIMIT', 'quantity': 0.001, 'timeInForce': 'GTC', 'price': 70000.0}
2026-07-07 12:52:34,536 | INFO | RESPONSE status=401 body={'code': -2014, 'msg': 'API-key format invalid.'}
2026-07-07 12:52:34,537 | ERROR | NETWORK/API ERROR: 401 Client Error: Unauthorized for url: https://testnet.binancefuture.com/fapi/v1/order?symbol=BTCUSDT&side=SELL&type=LIMIT&quantity=0.001&timeInForce=GTC&price=70000.0
2026-07-07 12:52:34,537 | ERROR | 401 Client Error: Unauthorized for url: https://testnet.binancefuture.com/fapi/v1/order?symbol=BTCUSDT&side=SELL&type=LIMIT&quantity=0.001&timeInForce=GTC&price=70000.0
2026-07-07 14:17:55,722 | INFO | REQUEST POST https://testnet.binancefuture.com/fapi/v1/order | payload={'symbol': 'BTCUSDT', 'side': 'BUY', 'type': 'MARKET', 'quantity': 0.001}
2026-07-07 14:17:56,588 | INFO | RESPONSE status=400 body={'code': -1102, 'msg': "Mandatory parameter 'timestamp' was not sent, was empty/null, or malformed."}
2026-07-07 14:17:56,589 | ERROR | NETWORK/API ERROR: 400 Client Error: Bad Request for url: https://testnet.binancefuture.com/fapi/v1/order?symbol=BTCUSDT&side=BUY&type=MARKET&quantity=0.001
2026-07-07 14:17:56,590 | ERROR | 400 Client Error: Bad Request for url: https://testnet.binancefuture.com/fapi/v1/order?symbol=BTCUSDT&side=BUY&type=MARKET&quantity=0.001
2026-07-07 14:18:04,647 | INFO | REQUEST POST https://testnet.binancefuture.com/fapi/v1/order | payload={'symbol': 'BTCUSDT', 'side': 'SELL', 'type': 'LIMIT', 'quantity': 0.001, 'timeInForce': 'GTC', 'price': 70000.0}
2026-07-07 14:18:04,978 | INFO | RESPONSE status=400 body={'code': -1102, 'msg': "Mandatory parameter 'timestamp' was not sent, was empty/null, or malformed."}
2026-07-07 14:18:04,980 | ERROR | NETWORK/API ERROR: 400 Client Error: Bad Request for url: https://testnet.binancefuture.com/fapi/v1/order?symbol=BTCUSDT&side=SELL&type=LIMIT&quantity=0.001&timeInForce=GTC&price=70000.0
2026-07-07 14:18:04,981 | ERROR | 400 Client Error: Bad Request for url: https://testnet.binancefuture.com/fapi/v1/order?symbol=BTCUSDT&side=SELL&type=LIMIT&quantity=0.001&timeInForce=GTC&price=70000.0
2026-07-07 14:21:00,418 | INFO | REQUEST POST https://testnet.binancefuture.com/fapi/v1/order | payload={'symbol': 'BTCUSDT', 'side': 'BUY', 'type': 'MARKET', 'quantity': 0.001, 'timestamp': 1783414260418, 'signature': '185de5fb40e0ab7bacf83f8f4a1943caab15d25c617fd70c2cf9937221c355a9'}
2026-07-07 14:21:00,833 | INFO | RESPONSE status=400 body={'code': -1021, 'msg': "Timestamp for this request was 1000ms ahead of the server's time."}
2026-07-07 14:21:00,834 | ERROR | NETWORK/API ERROR: 400 Client Error: Bad Request for url: https://testnet.binancefuture.com/fapi/v1/order?symbol=BTCUSDT&side=BUY&type=MARKET&quantity=0.001&timestamp=1783414260418&signature=185de5fb40e0ab7bacf83f8f4a1943caab15d25c617fd70c2cf9937221c355a9
2026-07-07 14:21:00,845 | ERROR | 400 Client Error: Bad Request for url: https://testnet.binancefuture.com/fapi/v1/order?symbol=BTCUSDT&side=BUY&type=MARKET&quantity=0.001&timestamp=1783414260418&signature=185de5fb40e0ab7bacf83f8f4a1943caab15d25c617fd70c2cf9937221c355a9
2026-07-07 14:25:45,927 | INFO | SERVER TIME SYNC | server=1783414545850 local=1783414545927 offset_ms=-77
2026-07-07 14:25:45,929 | INFO | REQUEST POST https://testnet.binancefuture.com/fapi/v1/order | payload={'symbol': 'BTCUSDT', 'side': 'BUY', 'type': 'MARKET', 'quantity': 0.001, 'timestamp': 1783414545852, 'signature': 'd4d0e6801aa06cab6d875cfecc5b55248dfa0ca7a5316b7468f35a40c79f1ac9'}
2026-07-07 14:25:46,181 | INFO | RESPONSE status=200 body={'orderId': 19793692184, 'symbol': 'BTCUSDT', 'status': 'NEW', 'clientOrderId': 'c3pHitQfVu74VglpPXKtA8', 'price': '0.00', 'origQty': '0.0010', 'executedQty': '0.0000', 'cumQty': '0.0000', 'timeInForce': 'GTC', 'type': 'MARKET', 'reduceOnly': False, 'closePosition': False, 'side': 'BUY', 'positionSide': 'BOTH', 'stopPrice': '0.00', 'workingType': 'CONTRACT_PRICE', 'priceProtect': False, 'origType': 'MARKET', 'priceMatch': 'NONE', 'selfTradePreventionMode': 'EXPIRE_MAKER', 'goodTillDate': 0, 'updateTime': 1783414546025}
2026-07-07 14:25:56,699 | INFO | SERVER TIME SYNC | server=1783414556617 local=1783414556699 offset_ms=-82
2026-07-07 14:25:56,701 | INFO | REQUEST POST https://testnet.binancefuture.com/fapi/v1/order | payload={'symbol': 'BTCUSDT', 'side': 'SELL', 'type': 'LIMIT', 'quantity': 0.001, 'timeInForce': 'GTC', 'price': 70000.0, 'timestamp': 1783414556618, 'signature': '87693f790e59db82748c87fdaf75f865aa32ee768374635f11434bc92618cd06'}
2026-07-07 14:25:56,879 | INFO | RESPONSE status=200 body={'orderId': 19793722536, 'symbol': 'BTCUSDT', 'status': 'NEW', 'clientOrderId': 'FHffjgb1WuLK2MUMUpPh8k', 'price': '70000.00', 'origQty': '0.0010', 'executedQty': '0.0000', 'cumQty': '0.0000', 'timeInForce': 'GTC', 'type': 'LIMIT', 'reduceOnly': False, 'closePosition': False, 'side': 'SELL', 'positionSide': 'BOTH', 'stopPrice': '0.00', 'workingType': 'CONTRACT_PRICE', 'priceProtect': False, 'origType': 'LIMIT', 'priceMatch': 'NONE', 'selfTradePreventionMode': 'EXPIRE_MAKER', 'goodTillDate': 0, 'updateTime': 1783414556796}
